Drill report for Device_Design.kicad_pcb
Created on 4/26/2023 2:06:22 PM

Copper Layer Stackup:
    =============================================================
    L1 :  F.Cu                      front
    L2 :  B.Cu                      back


Drill file 'Device_Design-PTH.drl' contains
    plated through holes:
    =============================================================
    T1  0.400mm  0.0157"  (15 holes)
    T2  0.800mm  0.0315"  (28 holes)
    T3  1.000mm  0.0394"  (100 holes)
    T4  1.000mm  0.0394"  (19 holes)
    T5  1.090mm  0.0429"  (2 holes)
    T6  1.520mm  0.0598"  (2 holes)

    Total plated holes count 166


Drill file 'Device_Design-NPTH.drl' contains
    unplated through holes:
    =============================================================
    T1  3.200mm  0.1260"  (4 holes)

    Total unplated holes count 4
